Traceback (most recent call last):
  File "/home/flibbo/asmr/venv/lib/python3.10/site-packages/jupyter_cache/executors/utils.py", line 58, in single_nb_execution
    executenb(
  File "/home/flibbo/asmr/venv/lib/python3.10/site-packages/nbclient/client.py", line 1305, in execute
    return NotebookClient(nb=nb, resources=resources, km=km, **kwargs).execute()
  File "/home/flibbo/asmr/venv/lib/python3.10/site-packages/jupyter_core/utils/__init__.py", line 173, in wrapped
    return loop.run_until_complete(inner)
  File "/usr/lib/python3.10/asyncio/base_events.py", line 649, in run_until_complete
    return future.result()
  File "/home/flibbo/asmr/venv/lib/python3.10/site-packages/nbclient/client.py", line 705, in async_execute
    await self.async_execute_cell(
  File "/home/flibbo/asmr/venv/lib/python3.10/site-packages/nbclient/client.py", line 1058, in async_execute_cell
    await self._check_raise_for_error(cell, cell_index, exec_reply)
  File "/home/flibbo/asmr/venv/lib/python3.10/site-packages/nbclient/client.py", line 914, in _check_raise_for_error
    raise CellExecutionError.from_cell_and_msg(cell, exec_reply_content)
nbclient.exceptions.CellExecutionError: An error occurred while executing the following cell:
------------------
print(d["Affe"])  # KeyError: 'Affe' ist kein Schl√ºssel in d
------------------


[0;31m---------------------------------------------------------------------------[0m
[0;31mKeyError[0m                                  Traceback (most recent call last)
Cell [0;32mIn[25], line 1[0m
[0;32m----> 1[0m [38;5;28mprint[39m([43md[49m[43m[[49m[38;5;124;43m"[39;49m[38;5;124;43mAffe[39;49m[38;5;124;43m"[39;49m[43m][49m)  [38;5;66;03m# KeyError: 'Affe' ist kein Schl√ºssel in d[39;00m

[0;31mKeyError[0m: 'Affe'

